<?xml version="1.0" encoding="UTF-8"?>
<!DOCTYPE properties SYSTEM "http://java.sun.com/dtd/properties.dtd">
<properties>
	<comment>test-query</comment>

	<entry key="insert">
		INSERT INTO TB_TEST
		VALUES(?, ?, ?)
	</entry>
	
</properties>
